::1 - - [24/Dec/2023:00:29:44 +0000] "POST /admin/setRole HTTP/1.1" 200 355 "-" "PostmanRuntime/7.36.0"
::1 - - [24/Dec/2023:00:29:59 +0000] "POST /admin/setRole HTTP/1.1" 200 360 "-" "PostmanRuntime/7.36.0"
::1 - - [24/Dec/2023:16:15:50 +0000] "POST /updateData/658778c3e396765ed666dbb5 HTTP/1.1" 404 175 "-" "PostmanRuntime/7.36.0"
::1 - - [24/Dec/2023:16:17:00 +0000] "GET /updateData/658778c3e396765ed666dbb5 HTTP/1.1" 404 174 "-" "PostmanRuntime/7.36.0"
::1 - - [24/Dec/2023:16:17:03 +0000] "POST /updateData/658778c3e396765ed666dbb5 HTTP/1.1" 500 70 "-" "PostmanRuntime/7.36.0"
::1 - - [24/Dec/2023:16:17:52 +0000] "GET /getData/658778c3e396765ed666dbb5 HTTP/1.1" 200 608 "-" "PostmanRuntime/7.36.0"
::1 - - [24/Dec/2023:16:19:32 +0000] "POST /postData HTTP/1.1" 201 379 "-" "PostmanRuntime/7.36.0"
::1 - - [24/Dec/2023:16:20:09 +0000] "POST /updateData/65885a13a007936bcee6d6f2 HTTP/1.1" 200 639 "-" "PostmanRuntime/7.36.0"
::1 - - [24/Dec/2023:16:20:42 +0000] "POST /updateData/65885a13a007936bcee6d6f2 HTTP/1.1" 500 140 "-" "PostmanRuntime/7.36.0"
::1 - - [24/Dec/2023:16:29:08 +0000] "POST /updateData/65885a13a0 HTTP/1.1" 500 111 "-" "PostmanRuntime/7.36.0"
::1 - - [24/Dec/2023:16:29:23 +0000] "POST /updateData/65885a13a0 HTTP/1.1" 500 111 "-" "PostmanRuntime/7.36.0"
::1 - - [24/Dec/2023:16:31:53 +0000] "POST /updateData/65885a13a007936bcee6d6f2 HTTP/1.1" 200 645 "-" "PostmanRuntime/7.36.0"
::1 - - [24/Dec/2023:16:32:12 +0000] "POST /updateData/65885a13a007936bcee6d6f2 HTTP/1.1" 500 178 "-" "PostmanRuntime/7.36.0"
::1 - - [24/Dec/2023:16:34:48 +0000] "POST /updateData/65885a13a007936bcee6d6f2 HTTP/1.1" 500 140 "-" "PostmanRuntime/7.36.0"
::1 - - [24/Dec/2023:16:35:26 +0000] "POST /updateData/65885a13a007936bcee6d6f2 HTTP/1.1" 403 29 "-" "PostmanRuntime/7.36.0"
::1 - - [24/Dec/2023:16:36:36 +0000] "POST /updateData/65885a13a007936bcee6d6f22 HTTP/1.1" 500 126 "-" "PostmanRuntime/7.36.0"
::1 - - [24/Dec/2023:16:37:19 +0000] "POST /updateData/65885a13a007936bcee6d6f3 HTTP/1.1" 404 34 "-" "PostmanRuntime/7.36.0"
::1 - - [24/Dec/2023:16:45:24 +0000] "PUT /auth/signup HTTP/1.1" 201 66 "-" "PostmanRuntime/7.36.0"
::1 - - [24/Dec/2023:16:46:12 +0000] "GET /admin/findUser HTTP/1.1" 403 62 "-" "PostmanRuntime/7.36.0"
::1 - - [24/Dec/2023:16:46:30 +0000] "GET /admin/findUser HTTP/1.1" 200 328 "-" "PostmanRuntime/7.36.0"
::1 - - [24/Dec/2023:16:47:55 +0000] "GET /updateData/65885a13a007936bcee6d6f2%0A HTTP/1.1" 404 177 "-" "PostmanRuntime/7.36.0"
::1 - - [24/Dec/2023:16:48:01 +0000] "POST /updateData/65885a13a007936bcee6d6f2%0A HTTP/1.1" 500 128 "-" "PostmanRuntime/7.36.0"
::1 - - [24/Dec/2023:16:48:07 +0000] "POST /updateData/65885a13a007936bcee6d6f2 HTTP/1.1" 200 638 "-" "PostmanRuntime/7.36.0"
::1 - - [24/Dec/2023:16:50:00 +0000] "GET /getData/65885a13a007936bcee6d6f2 HTTP/1.1" 200 647 "-" "PostmanRuntime/7.36.0"
::1 - - [24/Dec/2023:16:50:08 +0000] "GET /getData/65885a13a007936bcee6d6f2 HTTP/1.1" 200 647 "-" "Mozilla/5.0 (Windows NT 10.0; Win64; x64) AppleWebKit/537.36 (KHTML, like Gecko) Chrome/119.0.0.0 Safari/537.36 OPR/105.0.0.0"
::1 - - [24/Dec/2023:16:50:09 +0000] "GET /favicon.ico HTTP/1.1" 404 150 "http://localhost:8080/getData/65885a13a007936bcee6d6f2" "Mozilla/5.0 (Windows NT 10.0; Win64; x64) AppleWebKit/537.36 (KHTML, like Gecko) Chrome/119.0.0.0 Safari/537.36 OPR/105.0.0.0"
::1 - - [24/Dec/2023:21:36:51 +0000] "POST /superAdmin/deleteUser HTTP/1.1" 403 62 "-" "PostmanRuntime/7.36.0"
::1 - - [24/Dec/2023:21:37:32 +0000] "POST /superAdmin/deleteUser HTTP/1.1" 200 42 "-" "PostmanRuntime/7.36.0"
::1 - - [24/Dec/2023:22:18:00 +0000] "POST /postdata HTTP/1.1" 201 389 "-" "PostmanRuntime/7.36.0"
::1 - - [24/Dec/2023:22:18:20 +0000] "POST /postdata HTTP/1.1" 201 378 "-" "PostmanRuntime/7.36.0"
::1 - - [24/Dec/2023:22:19:23 +0000] "POST /deletePost HTTP/1.1" 403 29 "-" "PostmanRuntime/7.36.0"
::1 - - [24/Dec/2023:22:19:32 +0000] "POST /deletePost HTTP/1.1" 201 40 "-" "PostmanRuntime/7.36.0"
::1 - - [24/Dec/2023:22:24:55 +0000] "POST /deletePost HTTP/1.1" 201 40 "-" "PostmanRuntime/7.36.0"
::1 - - [24/Dec/2023:22:26:35 +0000] "POST /postData HTTP/1.1" 201 388 "-" "PostmanRuntime/7.36.0"
::1 - - [24/Dec/2023:22:27:35 +0000] "GET /getData/6588b01a299619aa16b0b4b0 HTTP/1.1" 200 649 "-" "PostmanRuntime/7.36.0"
::1 - - [24/Dec/2023:22:53:48 +0000] "POST /auth/signup HTTP/1.1" 404 151 "-" "PostmanRuntime/7.36.0"
::1 - - [24/Dec/2023:22:54:38 +0000] "POST /auth/signup HTTP/1.1" 404 151 "-" "PostmanRuntime/7.36.0"
::1 - - [24/Dec/2023:22:54:43 +0000] "POST /auth/signup HTTP/1.1" 404 151 "-" "PostmanRuntime/7.36.0"
::1 - - [24/Dec/2023:22:56:40 +0000] "POST /admin/findUser HTTP/1.1" 404 154 "-" "PostmanRuntime/7.36.0"
::1 - - [24/Dec/2023:22:57:43 +0000] "POST /admin/findUser HTTP/1.1" 404 154 "-" "PostmanRuntime/7.36.0"
::1 - - [24/Dec/2023:22:58:12 +0000] "POST /admin/findUser HTTP/1.1" 404 154 "-" "PostmanRuntime/7.36.0"
::1 - - [24/Dec/2023:22:58:47 +0000] "POST /auth/login HTTP/1.1" 200 309 "-" "PostmanRuntime/7.36.0"
::1 - - [24/Dec/2023:22:58:58 +0000] "GET /admin/findUser HTTP/1.1" 500 66 "-" "PostmanRuntime/7.36.0"
::1 - - [24/Dec/2023:22:59:05 +0000] "GET /admin/findUser HTTP/1.1" 200 387 "-" "PostmanRuntime/7.36.0"
::1 - - [24/Dec/2023:23:00:20 +0000] "PUT /auth/signup HTTP/1.1" 201 66 "-" "PostmanRuntime/7.36.0"
::1 - - [24/Dec/2023:23:01:59 +0000] "POST /user/editUser HTTP/1.1" 200 281 "-" "PostmanRuntime/7.36.0"
::1 - - [24/Dec/2023:23:03:12 +0000] "POST /user/editUser HTTP/1.1" 401 29 "-" "PostmanRuntime/7.36.0"
::1 - - [24/Dec/2023:23:05:28 +0000] "POST /user/editUser HTTP/1.1" 401 29 "-" "PostmanRuntime/7.36.0"
::1 - - [24/Dec/2023:23:06:38 +0000] "PUT /auth/signup HTTP/1.1" 201 66 "-" "PostmanRuntime/7.36.0"
::1 - - [24/Dec/2023:23:06:52 +0000] "PUT /auth/signup HTTP/1.1" 422 155 "-" "PostmanRuntime/7.36.0"
::1 - - [24/Dec/2023:23:07:07 +0000] "POST /user/editUser HTTP/1.1" 404 34 "-" "PostmanRuntime/7.36.0"
::1 - - [24/Dec/2023:23:07:21 +0000] "POST /user/editUser HTTP/1.1" 500 141 "-" "PostmanRuntime/7.36.0"
::1 - - [24/Dec/2023:23:09:24 +0000] "POST /user/editUser HTTP/1.1" 200 337 "-" "PostmanRuntime/7.36.0"
::1 - - [24/Dec/2023:23:13:48 +0000] "POST /user/editUser HTTP/1.1" 200 341 "-" "PostmanRuntime/7.36.0"
::1 - - [24/Dec/2023:23:14:34 +0000] "POST /user/editUser HTTP/1.1" 401 29 "-" "PostmanRuntime/7.36.0"
::1 - - [24/Dec/2023:23:18:54 +0000] "POST /user/editUser HTTP/1.1" 500 34 "-" "PostmanRuntime/7.36.0"
::1 - - [24/Dec/2023:23:19:39 +0000] "POST /user/editUser HTTP/1.1" 401 29 "-" "PostmanRuntime/7.36.0"
::1 - - [24/Dec/2023:23:27:35 +0000] "PUT /auth/signup HTTP/1.1" 201 66 "-" "PostmanRuntime/7.36.0"
::1 - - [24/Dec/2023:23:27:39 +0000] "PUT /auth/signup HTTP/1.1" 422 168 "-" "PostmanRuntime/7.36.0"
::1 - - [24/Dec/2023:23:35:58 +0000] "PUT /user/editUser HTTP/1.1" 401 48 "-" "PostmanRuntime/7.36.0"
::1 - - [24/Dec/2023:23:36:29 +0000] "PUT /user/editUser HTTP/1.1" 200 339 "-" "PostmanRuntime/7.36.0"
::1 - - [24/Dec/2023:23:36:39 +0000] "PUT /user/editUser HTTP/1.1" 403 56 "-" "PostmanRuntime/7.36.0"
::1 - - [24/Dec/2023:23:36:54 +0000] "PUT /user/editUser HTTP/1.1" 200 361 "-" "PostmanRuntime/7.36.0"
::1 - - [24/Dec/2023:23:37:24 +0000] "PUT /user/editUser HTTP/1.1" 200 338 "-" "PostmanRuntime/7.36.0"
::1 - - [25/Dec/2023:21:52:47 +0000] "GET /user/findPosts HTTP/1.1" 500 35 "-" "PostmanRuntime/7.36.0"
::1 - - [25/Dec/2023:21:56:02 +0000] "GET /user/findPosts HTTP/1.1" 200 598 "-" "PostmanRuntime/7.36.0"
::1 - - [25/Dec/2023:21:57:12 +0000] "GET /user/findPosts HTTP/1.1" 200 598 "-" "PostmanRuntime/7.36.0"
::1 - - [25/Dec/2023:21:57:40 +0000] "GET /user/findPosts HTTP/1.1" 200 59 "-" "PostmanRuntime/7.36.0"
::1 - - [25/Dec/2023:21:58:13 +0000] "GET /user/findPosts HTTP/1.1" 200 59 "-" "PostmanRuntime/7.36.0"
::1 - - [25/Dec/2023:22:00:09 +0000] "GET /user/findPosts HTTP/1.1" 200 598 "-" "PostmanRuntime/7.36.0"
::1 - - [25/Dec/2023:22:01:32 +0000] "GET /user/findPosts HTTP/1.1" 200 59 "-" "PostmanRuntime/7.36.0"
::1 - - [25/Dec/2023:22:01:46 +0000] "GET /user/findPosts HTTP/1.1" 200 598 "-" "PostmanRuntime/7.36.0"
::1 - - [25/Dec/2023:22:02:03 +0000] "GET /user/findPosts HTTP/1.1" 200 598 "-" "PostmanRuntime/7.36.0"
::1 - - [25/Dec/2023:22:02:21 +0000] "GET /user/findPosts HTTP/1.1" 200 598 "-" "PostmanRuntime/7.36.0"
::1 - - [25/Dec/2023:22:02:40 +0000] "GET /user/findPosts HTTP/1.1" 200 59 "-" "PostmanRuntime/7.36.0"
::1 - - [25/Dec/2023:22:02:47 +0000] "GET /user/findPosts HTTP/1.1" 200 598 "-" "PostmanRuntime/7.36.0"
::1 - - [25/Dec/2023:22:03:04 +0000] "GET /user/findPosts HTTP/1.1" 200 59 "-" "PostmanRuntime/7.36.0"
::1 - - [25/Dec/2023:22:03:17 +0000] "GET /user/findPosts HTTP/1.1" 200 598 "-" "PostmanRuntime/7.36.0"
::1 - - [25/Dec/2023:22:03:30 +0000] "GET /user/findPosts HTTP/1.1" 404 38 "-" "PostmanRuntime/7.36.0"
::1 - - [25/Dec/2023:22:10:16 +0000] "GET /allPosts HTTP/1.1" 200 597 "-" "PostmanRuntime/7.36.0"
::1 - - [25/Dec/2023:22:11:27 +0000] "POST /postData HTTP/1.1" 201 377 "-" "PostmanRuntime/7.36.0"
::1 - - [25/Dec/2023:22:11:40 +0000] "POST /allPosts HTTP/1.1" 404 148 "-" "PostmanRuntime/7.36.0"
::1 - - [25/Dec/2023:22:11:45 +0000] "GET /allPosts HTTP/1.1" 200 868 "-" "PostmanRuntime/7.36.0"
::1 - - [25/Dec/2023:22:22:07 +0000] "GET /user/userPosts HTTP/1.1" 200 329 "-" "PostmanRuntime/7.36.0"
::1 - - [25/Dec/2023:22:24:14 +0000] "GET /user/userPosts HTTP/1.1" 200 329 "-" "PostmanRuntime/7.36.0"
::1 - - [25/Dec/2023:22:24:48 +0000] "GET /user/userPosts HTTP/1.1" 500 37 "-" "PostmanRuntime/7.36.0"
::1 - - [25/Dec/2023:22:25:17 +0000] "GET /user/userPosts HTTP/1.1" 200 329 "-" "PostmanRuntime/7.36.0"
::1 - - [25/Dec/2023:22:25:19 +0000] "GET /user/userPosts HTTP/1.1" 500 55 "-" "PostmanRuntime/7.36.0"
::1 - - [25/Dec/2023:23:26:15 +0000] "POST /createDatabase HTTP/1.1" 500 67 "-" "PostmanRuntime/7.36.0"
::1 - - [25/Dec/2023:23:27:05 +0000] "POST /createDatabase HTTP/1.1" 500 65 "-" "PostmanRuntime/7.36.0"
::1 - - [25/Dec/2023:23:29:16 +0000] "PUT /auth/signup HTTP/1.1" 201 66 "-" "PostmanRuntime/7.36.0"
::1 - - [25/Dec/2023:23:32:24 +0000] "PUT /auth/signup HTTP/1.1" 201 66 "-" "PostmanRuntime/7.36.0"
::1 - - [25/Dec/2023:23:33:13 +0000] "POST /createDatabase HTTP/1.1" 500 65 "-" "PostmanRuntime/7.36.0"
::1 - - [25/Dec/2023:23:36:34 +0000] "POST /createDatabase HTTP/1.1" 500 42 "-" "PostmanRuntime/7.36.0"
::1 - - [25/Dec/2023:23:37:05 +0000] "POST /createDatabase HTTP/1.1" 500 136 "-" "PostmanRuntime/7.36.0"
::1 - - [25/Dec/2023:23:39:16 +0000] "POST /createDatabase HTTP/1.1" 500 136 "-" "PostmanRuntime/7.36.0"
::1 - - [25/Dec/2023:23:39:53 +0000] "POST /createDatabase HTTP/1.1" 500 66 "-" "PostmanRuntime/7.36.0"
::1 - - [25/Dec/2023:23:39:59 +0000] "POST /createDatabase HTTP/1.1" 201 180 "-" "PostmanRuntime/7.36.0"
::1 - - [25/Dec/2023:23:40:47 +0000] "POST /createDatabase HTTP/1.1" 201 180 "-" "PostmanRuntime/7.36.0"
::1 - - [25/Dec/2023:23:44:17 +0000] "POST /createDatabase HTTP/1.1" 500 88 "-" "PostmanRuntime/7.36.0"
::1 - - [25/Dec/2023:23:45:43 +0000] "POST /createDatabase HTTP/1.1" 500 66 "-" "PostmanRuntime/7.36.0"
::1 - - [25/Dec/2023:23:45:51 +0000] "POST /createDatabase HTTP/1.1" 500 66 "-" "PostmanRuntime/7.36.0"
::1 - - [25/Dec/2023:23:46:22 +0000] "POST /createDatabase HTTP/1.1" 403 74 "-" "PostmanRuntime/7.36.0"
::1 - - [25/Dec/2023:23:48:26 +0000] "POST /createDatabase HTTP/1.1" 500 120 "-" "PostmanRuntime/7.36.0"
::1 - - [25/Dec/2023:23:48:53 +0000] "POST /createDatabase HTTP/1.1" 500 33 "-" "PostmanRuntime/7.36.0"
::1 - - [25/Dec/2023:23:49:12 +0000] "POST /createDatabase HTTP/1.1" 500 35 "-" "PostmanRuntime/7.36.0"
::1 - - [25/Dec/2023:23:49:44 +0000] "POST /createDatabase HTTP/1.1" 500 88 "-" "PostmanRuntime/7.36.0"
::1 - - [25/Dec/2023:23:50:20 +0000] "POST /createDatabase HTTP/1.1" 500 66 "-" "PostmanRuntime/7.36.0"
::1 - - [25/Dec/2023:23:53:34 +0000] "POST /createDatabase HTTP/1.1" 403 74 "-" "PostmanRuntime/7.36.0"
::1 - - [25/Dec/2023:23:54:03 +0000] "POST /createDatabase HTTP/1.1" 500 66 "-" "PostmanRuntime/7.36.0"
::1 - - [25/Dec/2023:23:54:40 +0000] "POST /createDatabase HTTP/1.1" 201 276 "-" "PostmanRuntime/7.36.0"
::1 - - [25/Dec/2023:23:56:55 +0000] "POST /createDatabase HTTP/1.1" 201 222 "-" "PostmanRuntime/7.36.0"
::1 - - [25/Dec/2023:23:58:57 +0000] "POST /createDatabase HTTP/1.1" 500 65 "-" "PostmanRuntime/7.36.0"
::1 - - [26/Dec/2023:00:06:20 +0000] "POST /createDatabase HTTP/1.1" 201 231 "-" "PostmanRuntime/7.36.0"
::1 - - [26/Dec/2023:00:07:25 +0000] "POST /createDatabase HTTP/1.1" 201 231 "-" "PostmanRuntime/7.36.0"
::1 - - [26/Dec/2023:00:11:57 +0000] "POST /createDatabase HTTP/1.1" 500 72 "-" "PostmanRuntime/7.36.0"
::1 - - [26/Dec/2023:00:12:25 +0000] "POST /createDatabase HTTP/1.1" 500 72 "-" "PostmanRuntime/7.36.0"
::1 - - [26/Dec/2023:00:12:44 +0000] "POST /createDatabase HTTP/1.1" 500 228 "-" "PostmanRuntime/7.36.0"
::1 - - [26/Dec/2023:00:13:25 +0000] "POST /createDatabase HTTP/1.1" 403 74 "-" "PostmanRuntime/7.36.0"
::1 - - [26/Dec/2023:00:13:33 +0000] "POST /createDatabase HTTP/1.1" 201 227 "-" "PostmanRuntime/7.36.0"
::1 - - [26/Dec/2023:00:14:26 +0000] "POST /createDatabase HTTP/1.1" 500 72 "-" "PostmanRuntime/7.36.0"
::1 - - [26/Dec/2023:00:14:40 +0000] "POST /createDatabase HTTP/1.1" 201 315 "-" "PostmanRuntime/7.36.0"
::1 - - [26/Dec/2023:00:15:15 +0000] "POST /createDatabase HTTP/1.1" 201 312 "-" "PostmanRuntime/7.36.0"
::1 - - [26/Dec/2023:00:19:16 +0000] "POST /createDatabase HTTP/1.1" 201 316 "-" "PostmanRuntime/7.36.0"
::1 - - [26/Dec/2023:00:41:14 +0000] "PUT /auth/signup HTTP/1.1" 201 66 "-" "PostmanRuntime/7.36.0"
::1 - - [26/Dec/2023:00:41:47 +0000] "POST /addNewMember HTTP/1.1" 200 398 "-" "PostmanRuntime/7.36.0"
::1 - - [26/Dec/2023:20:04:49 +0000] "PUT /signup HTTP/1.1" 404 145 "-" "PostmanRuntime/7.36.0"
::1 - - [26/Dec/2023:20:04:55 +0000] "PUT /signup HTTP/1.1" 404 145 "-" "PostmanRuntime/7.36.0"
::1 - - [26/Dec/2023:20:04:57 +0000] "PUT /signup HTTP/1.1" 404 145 "-" "PostmanRuntime/7.36.0"
::1 - - [26/Dec/2023:20:05:25 +0000] "PUT /signup HTTP/1.1" 404 145 "-" "PostmanRuntime/7.36.0"
::1 - - [26/Dec/2023:20:05:50 +0000] "PUT /auth/signup HTTP/1.1" 201 66 "-" "PostmanRuntime/7.36.0"
::1 - - [26/Dec/2023:20:09:14 +0000] "POST /auth/login HTTP/1.1" 200 307 "-" "PostmanRuntime/7.36.0"
::1 - - [26/Dec/2023:22:02:54 +0000] "GET /db/getUsers HTTP/1.1" 200 214 "-" "PostmanRuntime/7.36.0"
::1 - - [26/Dec/2023:22:03:49 +0000] "GET /db/getUsers HTTP/1.1" 500 62 "-" "PostmanRuntime/7.36.0"
::1 - - [26/Dec/2023:22:06:08 +0000] "GET /db/getUsers HTTP/1.1" 500 61 "-" "PostmanRuntime/7.36.0"
::1 - - [26/Dec/2023:22:06:14 +0000] "GET /db/getUsers HTTP/1.1" 500 131 "-" "PostmanRuntime/7.36.0"
::1 - - [26/Dec/2023:22:07:03 +0000] "GET /db/getUsers HTTP/1.1" 500 61 "-" "PostmanRuntime/7.36.0"
::1 - - [26/Dec/2023:22:07:06 +0000] "GET /db/getUsers HTTP/1.1" 200 963 "-" "PostmanRuntime/7.36.0"
::1 - - [26/Dec/2023:22:09:06 +0000] "GET /db/getUsers HTTP/1.1" 404 61 "-" "PostmanRuntime/7.36.0"
::1 - - [26/Dec/2023:22:09:09 +0000] "GET /db/getUsers HTTP/1.1" 200 963 "-" "PostmanRuntime/7.36.0"
::1 - - [26/Dec/2023:22:34:15 +0000] "POST /db/removeUser HTTP/1.1" 200 2 "-" "PostmanRuntime/7.36.0"
::1 - - [26/Dec/2023:22:34:32 +0000] "GET /db/removeUser HTTP/1.1" 404 61 "-" "PostmanRuntime/7.36.0"
::1 - - [26/Dec/2023:22:34:36 +0000] "GET /db/removeUser HTTP/1.1" 200 2 "-" "PostmanRuntime/7.36.0"
::1 - - [26/Dec/2023:22:35:03 +0000] "POST /db/removeUser HTTP/1.1" 200 932 "-" "PostmanRuntime/7.36.0"
::1 - - [26/Dec/2023:22:37:37 +0000] "POST /db/removeUser HTTP/1.1" 200 183 "-" "PostmanRuntime/7.36.0"
::1 - - [26/Dec/2023:22:39:02 +0000] "POST /db/removeUser HTTP/1.1" 200 276 "-" "PostmanRuntime/7.36.0"
::1 - - [26/Dec/2023:22:42:01 +0000] "POST /db/removeUser HTTP/1.1" 403 38 "-" "PostmanRuntime/7.36.0"
::1 - - [26/Dec/2023:22:44:59 +0000] "POST /db/removeUser HTTP/1.1" 403 59 "-" "PostmanRuntime/7.36.0"
::1 - - [26/Dec/2023:22:45:23 +0000] "POST /db/removeUser HTTP/1.1" 200 276 "-" "PostmanRuntime/7.36.0"
::1 - - [26/Dec/2023:22:47:10 +0000] "POST /db/removeUser HTTP/1.1" 403 59 "-" "PostmanRuntime/7.36.0"
::1 - - [26/Dec/2023:22:48:01 +0000] "POST /db/removeUser HTTP/1.1" 200 374 "-" "PostmanRuntime/7.36.0"
::1 - - [26/Dec/2023:22:49:28 +0000] "POST /db/removeUser HTTP/1.1" 200 374 "-" "PostmanRuntime/7.36.0"
::1 - - [26/Dec/2023:22:55:10 +0000] "POST /db/removeUser HTTP/1.1" 404 61 "-" "PostmanRuntime/7.36.0"
::1 - - [26/Dec/2023:22:55:13 +0000] "POST /db/removeUser HTTP/1.1" 200 308 "-" "PostmanRuntime/7.36.0"
::1 - - [26/Dec/2023:22:57:13 +0000] "POST /db/addNewMember HTTP/1.1" 500 101 "-" "PostmanRuntime/7.36.0"
::1 - - [26/Dec/2023:22:57:43 +0000] "POST /db/addNewMember HTTP/1.1" 200 401 "-" "PostmanRuntime/7.36.0"
::1 - - [26/Dec/2023:22:58:46 +0000] "POST /db/removeUser HTTP/1.1" 404 61 "-" "PostmanRuntime/7.36.0"
::1 - - [26/Dec/2023:22:59:35 +0000] "POST /db/removeUser HTTP/1.1" 403 59 "-" "PostmanRuntime/7.36.0"
::1 - - [27/Dec/2023:14:51:18 +0000] "POST /postData HTTP/1.1" 500 72 "-" "PostmanRuntime/7.36.0"
::1 - - [27/Dec/2023:14:52:43 +0000] "POST /postData HTTP/1.1" 500 326 "-" "PostmanRuntime/7.36.0"
::1 - - [27/Dec/2023:14:53:29 +0000] "POST /postData HTTP/1.1" 201 410 "-" "PostmanRuntime/7.36.0"
::1 - - [27/Dec/2023:14:57:03 +0000] "POST /db/getPosts HTTP/1.1" 400 55 "-" "PostmanRuntime/7.36.0"
::1 - - [27/Dec/2023:14:57:06 +0000] "POST /db/getPosts HTTP/1.1" 404 151 "-" "PostmanRuntime/7.36.0"
::1 - - [27/Dec/2023:14:57:19 +0000] "GET /db/getPosts HTTP/1.1" 200 690 "-" "PostmanRuntime/7.36.0"
::1 - - [27/Dec/2023:14:58:16 +0000] "GET /db/getPosts HTTP/1.1" 500 62 "-" "PostmanRuntime/7.36.0"
::1 - - [27/Dec/2023:14:58:19 +0000] "GET /db/getPosts HTTP/1.1" 200 350 "-" "PostmanRuntime/7.36.0"
::1 - - [28/Dec/2023:01:46:31 +0000] "GET /db/getUsers HTTP/1.1" 200 993 "-" "PostmanRuntime/7.36.0"
::1 - - [28/Dec/2023:01:52:12 +0000] "GET /db/getUsers HTTP/1.1" 500 90 "-" "PostmanRuntime/7.36.0"
::1 - - [28/Dec/2023:01:52:31 +0000] "GET /db/getUsers HTTP/1.1" 404 61 "-" "PostmanRuntime/7.36.0"
::1 - - [28/Dec/2023:01:52:35 +0000] "GET /db/getUsers HTTP/1.1" 200 52 "-" "PostmanRuntime/7.36.0"
::1 - - [28/Dec/2023:01:53:03 +0000] "GET /db/getUsers HTTP/1.1" 200 993 "-" "PostmanRuntime/7.36.0"
::1 - - [28/Dec/2023:14:46:23 +0000] "POST /db/addNewMember HTTP/1.1" 500 47 "-" "PostmanRuntime/7.36.0"
::1 - - [28/Dec/2023:14:47:01 +0000] "POST /db/addNewMember HTTP/1.1" 404 33 "-" "PostmanRuntime/7.36.0"
::1 - - [28/Dec/2023:14:47:07 +0000] "POST /db/addNewMember HTTP/1.1" 403 31 "-" "PostmanRuntime/7.36.0"
::1 - - [28/Dec/2023:14:47:54 +0000] "POST /db/addNewMember HTTP/1.1" 200 556 "-" "PostmanRuntime/7.36.0"
::1 - - [28/Dec/2023:14:54:22 +0000] "POST /db/createDatabase HTTP/1.1" 201 351 "-" "PostmanRuntime/7.36.0"
::1 - - [28/Dec/2023:14:56:15 +0000] "POST /db/removeUser HTTP/1.1" 200 463 "-" "PostmanRuntime/7.36.0"
